<?xml version="1.0" encoding="UTF-8"?>
<testng-results ignored="0" total="1" passed="1" failed="0" skipped="0">
  <reporter-output>
  </reporter-output>
  <suite started-at="2022-04-06T16:02:36 IST" name="Default suite" finished-at="2022-04-06T16:02:45 IST" duration-ms="8969">
    <groups>
    </groups>
    <test started-at="2022-04-06T16:02:36 IST" name="Default test" finished-at="2022-04-06T16:02:45 IST" duration-ms="8969">
      <class name="com.tests.FactoryMethodDesignPattern">
        <test-method signature="factoryMethodTestWithSupplierImp(java.lang.String)[pri:0, instance:com.tests.FactoryMethodDesignPattern@4d02f94e]" started-at="2022-04-06T16:02:36 IST" name="factoryMethodTestWithSupplierImp" data-provider="getData" finished-at="2022-04-06T16:02:45 IST" duration-ms="8930" status="PASS">
          <params>
            <param index="0">
              <value>
                <![CDATA[chrome]]>
              </value>
            </param>
          </params>
          <reporter-output>
          </reporter-output>
        </test-method> <!-- factoryMethodTestWithSupplierImp -->
      </class> <!-- com.tests.FactoryMethodDesignPattern -->
    </test> <!-- Default test -->
  </suite> <!-- Default suite -->
</testng-results>
